<?xml version="1.0" encoding="UTF-8"?>
<testsuite xmlns:xsi="http://www.w3.org/2001/XMLSchema-instance" xsi:noNamespaceSchemaLocation="https://maven.apache.org/surefire/maven-surefire-plugin/xsd/surefire-test-report-3.0.xsd" version="3.0" name="myntra.runner.TestRunner" time="95.309" tests="1" errors="0" skipped="0" failures="0">
  <properties>
[...]
</properties>
  <testcase name="Scrape discounted Van Heusen T-shirts" classname="Myntra T-shirt Scraper" time="94.273">
    <system-out><![CDATA[
Scenario: Scrape discounted Van Heusen T-shirts              &amp#27;[90m# src/test/resources/features/MyntraScrapper.feature:8&amp#27;[0m
Navigated to Myntra homepage
  &amp#27;[32mGiven &amp#27;[0m&amp#27;[32mI am on the Myntra homepage&amp#27;[0m                          &amp#27;[90m# myntra.stepdefinitions.MyntraScraperSteps.navigateToMyntra()&amp#27;[0m
Hovered over 'Men' category
  &amp#27;[32mWhen &amp#27;[0m&amp#27;[32mI hover over the Men category&amp#27;[0m                         &amp#27;[90m# myntra.stepdefinitions.MyntraScraperSteps.hoverOverMenCategory()&amp#27;[0m
Clicked on Men's T-Shirts
  &amp#27;[32mAnd &amp#27;[0m&amp#27;[32mI click on T-shirts section&amp#27;[0m                            &amp#27;[90m# myntra.stepdefinitions.MyntraScraperSteps.clickTshirtsSection()&amp#27;[0m
Successfully clicked search icon
Entered Van Heusen in search
Successfully clicked Van Heusen checkbox
  &amp#27;[32mAnd &amp#27;[0m&amp#27;[32mI filter for Van Heusen brand&amp#27;[0m                          &amp#27;[90m# myntra.stepdefinitions.MyntraScraperSteps.filterVanHeusenBrand()&amp#27;[0m
  &amp#27;[32mThen &amp#27;[0m&amp#27;[32mI should see a list of discounted Van Heusen T-shirts&amp#27;[0m &amp#27;[90m# myntra.stepdefinitions.MyntraScraperSteps.scrapeDiscountedTshirts()&amp#27;[0m

Found 27 Van Heusen T-shirts with discounts:

Sorted by highest discount first:
----------------------------------------
Name: Van Heusen
Original Price: ₹669.00
Discounted Price: ₹388.00
Discount: 42%
Link: https://www.myntra.com/lounge-tshirts/van+heusen/van-heusen-athleisure-men-solid-smart-tech-easy-stain-release-t-shirt/15672356/buy

----------------------------------------
Name: Van Heusen
Original Price: ₹1999.00
Discounted Price: ₹1199.00
Discount: 40%
Link: https://www.myntra.com/tshirts/van+heusen/van-heusen-striped-polo-collar-t-shirt/27736614/buy

----------------------------------------
Name: Van Heusen
Original Price: ₹2999.00
Discounted Price: ₹1799.00
Discount: 40%
Link: https://www.myntra.com/tshirts/van+heusen/van-heusen-polo-collar-short-sleeves-cotton-casual-t-shirt/29300448/buy

----------------------------------------
Name: Van Heusen
Original Price: ₹669.00
Discounted Price: ₹434.00
Discount: 35%
Link: https://www.myntra.com/lounge-tshirts/van+heusen/van-heusen-athleisure-cotton-smart-tech-easy-stain-release-t-shirt/15734676/buy

----------------------------------------
Name: Van Heusen
Original Price: ₹669.00
Discounted Price: ₹434.00
Discount: 35%
Link: https://www.myntra.com/lounge-tshirts/van+heusen/van-heusen-athleisure-cotton-smart-tech-easy-stain-release-t-shirt/15672476/buy

----------------------------------------
Name: Van Heusen
Original Price: ₹669.00
Discounted Price: ₹434.00
Discount: 35%
Link: https://www.myntra.com/lounge-tshirts/van+heusen/van-heusen-athleisure-men-solid-smart-tech-easy-stain-release-t-shirt/15672870/buy

----------------------------------------
Name: Van Heusen
Original Price: ₹669.00
Discounted Price: ₹441.00
Discount: 34%
Link: https://www.myntra.com/lounge-tshirts/van+heusen/van-heusen-athleisure-solid-smart-tech-easy-stain-release-t-shirt/15672656/buy

----------------------------------------
Name: Van Heusen
Original Price: ₹669.00
Discounted Price: ₹481.00
Discount: 28%
Link: https://www.myntra.com/lounge-tshirts/van+heusen/van-heusen-athleisure-solid-smart-tech-easy-stain-release-t-shirt/16202750/buy

----------------------------------------
Name: Van Heusen
Original Price: ₹599.00
Discounted Price: ₹485.00
Discount: 19%
Link: https://www.myntra.com/tshirts/van+heusen/van-heusen-men-solid-round-neck-t-shirt/30104756/buy

----------------------------------------
Name: Van Heusen
Original Price: ₹599.00
Discounted Price: ₹497.00
Discount: 17%
Link: https://www.myntra.com/lounge-tshirts/van+heusen/van-heusen-men-pure-cotton-lounge-tshirts/21366436/buy

----------------------------------------
Name: Van Heusen
Original Price: ₹599.00
Discounted Price: ₹497.00
Discount: 17%
Link: https://www.myntra.com/lounge-tshirts/van+heusen/van-heusen-men-pure-cotton-lounge-tshirt/21366402/buy

----------------------------------------
Name: Van Heusen
Original Price: ₹599.00
Discounted Price: ₹497.00
Discount: 17%
Link: https://www.myntra.com/lounge-tshirts/van+heusen/van-heusen-men-pure-cotton-lounge-tshirts/21366428/buy

----------------------------------------
Name: Van Heusen
Original Price: ₹599.00
Discounted Price: ₹497.00
Discount: 17%
Link: https://www.myntra.com/lounge-tshirts/van+heusen/van-heusen-men-pure-cotton-lounge-tshirt/21366418/buy

----------------------------------------
Name: Van Heusen
Original Price: ₹629.00
Discounted Price: ₹522.00
Discount: 17%
Link: https://www.myntra.com/lounge-tshirts/van+heusen/van-heusen-solid-crew-neck-short-sleeve-t-shirt/21366406/buy

----------------------------------------
Name: Van Heusen
Original Price: ₹599.00
Discounted Price: ₹497.00
Discount: 17%
Link: https://www.myntra.com/lounge-tshirts/van+heusen/van-heusen-men-crew-neck-short-sleeve-t-shirt/21366412/buy

----------------------------------------
Name: Van Heusen
Original Price: ₹629.00
Discounted Price: ₹522.00
Discount: 17%
Link: https://www.myntra.com/lounge-tshirts/van+heusen/van-heusen-solid-crew-neck-short-sleeve-t-shirt/21366432/buy

----------------------------------------
Name: Van Heusen
Original Price: ₹629.00
Discounted Price: ₹522.00
Discount: 17%
Link: https://www.myntra.com/lounge-tshirts/van+heusen/van-heusen-solid-crew-neck-short-sleeve-t-shirt/21366430/buy

----------------------------------------
Name: Van Heusen
Original Price: ₹1299.00
Discounted Price: ₹1104.00
Discount: 15%
Link: https://www.myntra.com/lounge-tshirts/van+heusen/van-heusen-men-green-solid-varsity-inspired-short-sleeve-polo-t-shirt/15672294/buy

----------------------------------------
Name: Van Heusen
Original Price: ₹1149.00
Discounted Price: ₹976.00
Discount: 15%
Link: https://www.myntra.com/lounge-tshirts/van+heusen/van-heusen-athleisure-pure-cotton-slim-fit-quick-dry-polo-t-shirt/15672480/buy

----------------------------------------
Name: Van Heusen
Original Price: ₹1149.00
Discounted Price: ₹976.00
Discount: 15%
Link: https://www.myntra.com/lounge-tshirts/van+heusen/van-heusen-athleisure-men-solid-colour-fresh-quick-dry-polo-t-shirt/15672698/buy

----------------------------------------
Name: Van Heusen
Original Price: ₹399.00
Discounted Price: ₹347.00
Discount: 13%
Link: https://www.myntra.com/tshirts/van+heusen/van-heusen-moisture-wicking-ultra-soft-vest/10548342/buy

----------------------------------------
Name: Van Heusen
Original Price: ₹629.00
Discounted Price: ₹553.00
Discount: 12%
Link: https://www.myntra.com/lounge-tshirts/van+heusen/van-heusen-solid-crew-neck-short-sleeve-t-shirt/21366410/buy

----------------------------------------
Name: Van Heusen
Original Price: ₹1149.00
Discounted Price: ₹1011.00
Discount: 12%
Link: https://www.myntra.com/lounge-tshirts/van+heusen/van-heusen-colour-fresh-moisture-wicking-polo-t-shirt/15672296/buy

----------------------------------------
Name: Van Heusen
Original Price: ₹689.00
Discounted Price: ₹606.00
Discount: 12%
Link: https://www.myntra.com/lounge-tshirts/van+heusen/van-heusen-athleisure-solid-smart-tech-easy-stain-release-pure-cotton-lounge-t-shirt/15381790/buy

----------------------------------------
Name: Van Heusen
Original Price: ₹669.00
Discounted Price: ₹588.00
Discount: 12%
Link: https://www.myntra.com/lounge-tshirts/van+heusen/van-heusen-athleisure-solid-smart-tech-easy-stain-release-pure-cotton-lounge-t-shirt/15381440/buy

----------------------------------------
Name: Van Heusen
Original Price: ₹799.00
Discounted Price: ₹703.00
Discount: 12%
Link: https://www.myntra.com/lounge-tshirts/van+heusen/van-heusen-athleisure-men-solid-pure-cotton-antibacterial-smart-tech-t-shirt/15672268/buy

----------------------------------------
Name: Van Heusen
Original Price: ₹669.00
Discounted Price: ₹588.00
Discount: 12%
Link: https://www.myntra.com/lounge-tshirts/van+heusen/van-heusen-athleisure-men-solid-smart-tech-easy-stain-release-t-shirt/15672282/buy

----------------------------------------
  &amp#27;[32mAnd &amp#27;[0m&amp#27;[32mthe T-shirts should be sorted by discount percentage&amp#27;[0m   &amp#27;[90m# myntra.stepdefinitions.MyntraScraperSteps.displaySortedResults()&amp#27;[0m
]]></system-out>
  </testcase>
</testsuite>